No Modulefiles Currently Loaded.
N_procs set  : 8 processors...
file_int set : 1...
test_array_type : filament...
i_wnd  : 0
wnd    : 4.500000000000001
All good at block_size = 128
All good at S_evec and s_eval
coh_avg: 346.3535461425781
i_wnd  : 1
wnd    : 5.174474956162649
All good at block_size = 128
All good at S_evec and s_eval
coh_avg: 303.32623291015625
i_wnd  : 2
wnd    : 5.950042460434318
All good at block_size = 128
All good at S_evec and s_eval
coh_avg: 263.75244140625
i_wnd  : 3
wnd    : 6.841854599915947
All good at block_size = 128
All good at S_evec and s_eval
coh_avg: 210.76515197753906
i_wnd  : 4
wnd    : 7.867334506882504
All good at block_size = 128
All good at S_evec and s_eval
coh_avg: 156.080322265625
i_wnd  : 5
wnd    : 9.046516750581718
All good at block_size = 128
All good at S_evec and s_eval
coh_avg: 115.28807830810547
i_wnd  : 6
wnd    : 10.402438748086887
All good at block_size = 128
All good at S_evec and s_eval
coh_avg: 86.93244171142578
i_wnd  : 7
wnd    : 11.961590841109228
All good at block_size = 128
All good at S_evec and s_eval
coh_avg: 65.40264129638672
i_wnd  : 8
wnd    : 13.754433831818703
All good at block_size = 128
All good at S_evec and s_eval
coh_avg: 40.069175720214844
i_wnd  : 9
wnd    : 15.815994088653804
All good at block_size = 128
All good at S_evec and s_eval
coh_avg: 21.751516342163086
i_wnd  : 10
wnd    : 18.18654784856791
All good at block_size = 128
All good at S_evec and s_eval
coh_avg: 10.430076599121094
i_wnd  : 11
wnd    : 20.91240808477073
All good at block_size = 128
All good at S_evec and s_eval
coh_avg: 4.542693614959717
i_wnd  : 12
wnd    : 24.04682931282209
All good at block_size = 128
All good at S_evec and s_eval
coh_avg: 1.5146554708480835
i_wnd  : 13
wnd    : 27.65104801207017
All good at block_size = 128
All good at S_evec and s_eval
coh_avg: 0.4318310618400574
i_wnd  : 14
wnd    : 31.7954789889129
All good at block_size = 128
All good at S_evec and s_eval
coh_avg: 0.09901131689548492
i_wnd  : 15
wnd    : 36.56109105496122
All good at block_size = 128
All good at S_evec and s_eval
coh_avg: 0.012076145969331264
i_wnd  : 16
wnd    : 42.04098889641756
All good at block_size = 128
All good at S_evec and s_eval
coh_avg: 0.0006538099842146039
i_wnd  : 17
wnd    : 48.34223203929433
All good at block_size = 128
All good at S_evec and s_eval
coh_avg: 1.84078817255795e-05
i_wnd  : 18
wnd    : 55.587926447184905
All good at block_size = 128
All good at S_evec and s_eval
coh_avg: 4.7106993861234514e-08
i_wnd  : 19
wnd    : 63.91962961465991
All good at block_size = 128
All good at S_evec and s_eval
coh_avg: 2.1136982442104824e-10
i_wnd  : 20
wnd    : 73.50011614405555
All good at block_size = 128
All good at S_evec and s_eval
coh_avg: 1.5105078299271213e-10
i_wnd  : 21
wnd    : 84.51655783610249
All good at block_size = 128
All good at S_evec and s_eval
coh_avg: 1.4720262342393653e-08
i_wnd  : 22
wnd    : 97.18418042310762
All good at block_size = 128
All good at S_evec and s_eval
coh_avg: 2.8399716356375393e-08
i_wnd  : 23
wnd    : 111.75046838545836
All good at block_size = 128
All good at S_evec and s_eval
coh_avg: 6.945181096895681e-10
i_wnd  : 24
wnd    : 128.5
All good at block_size = 128
All good at S_evec and s_eval
coh_avg: 7.619417985438304e-09
Elapsed: 0hrs 26min 11sec
Boom!
